  
Login success pierre.demian@outlook.com
Login success pierre.demian@outlook.com
Login success pierre.demian@outlook.com
Login success pierre.demian@outlook.com
Login success pierre.demian@outlook.com
Login success umsi@umich.edu
Login success umsi@umich.edu
Login success umsi@umich.edu
Login success pierre.demian@outlook.com
Login success umsi@umich.edu
Login success pierre.demian@outlook.com
Login fail abc@abcndfg
Login fail pierre.demian@outlook.com 55b1b313798de1b061c1899e094ac8ec
Login success pierre.demian@outlook.com
Login success pierre.demian@outlook.com
Login success pierre.demian@outlook.com
Login success umsi@umich.edu
Login success umsi@umich.edu
Login success umsi@umich.edu
Login success umsi@umich.edu
Login success umsi@umich.edu
Login fail pierredamian@pierre 2a52e17fa899cf40fb04cfc42e6352f1
Login fail umsi@umich.edu 1a52e17fa899cf40fb04cfc42e6352f1
Login fail umsi@umich.edu 1a52e17fa899cf40fb04cfc42e6352f1
